# JRE version: OpenJDK Runtime Environment Temurin-17.0.12+7 (17.0.12+7) (build 17.0.12+7)
# Java VM: OpenJDK 64-Bit Server VM Temurin-17.0.12+7 (17.0.12+7, mixed mode, tiered, compressed oops, compressed class ptrs, parallel gc, windows-amd64)
GC Precious Log:
 CPUs: 4 total, 4 available
 Memory: 3977M
 Large Page Support: Disabled
 NUMA Support: Disabled
 Compressed Oops: Enabled (32-bit)
 Alignments: Space 512K, Generation 512K, Heap 2M
 Heap Min Capacity: 100M
 Heap Initial Capacity: 100M
 Heap Max Capacity: 1G
 Pre-touch: Disabled
 Parallel Workers: 4
Heap:
 PSYoungGen      total 10240K, used 9728K [0x00000000eab00000, 0x00000000eb580000, 0x0000000100000000)
  eden space 9728K, 100% used [0x00000000eab00000,0x00000000eb480000,0x00000000eb480000)
  from space 512K, 0% used [0x00000000eb480000,0x00000000eb480000,0x00000000eb500000)
  to   space 512K, 0% used [0x00000000eb500000,0x00000000eb500000,0x00000000eb580000)
 ParOldGen       total 102912K, used 102695K [0x00000000c0000000, 0x00000000c6480000, 0x00000000eab00000)
  object space 102912K, 99% used [0x00000000c0000000,0x00000000c6449c58,0x00000000c6480000)
 Metaspace       used 74129K, committed 75520K, reserved 1179648K
  class space    used 7787K, committed 8384K, reserved 1048576K
GC Heap History (20 events):
Event: 84.712 GC heap before
{Heap before GC invocations=172 (full 7):
 PSYoungGen      total 5632K, used 96K [0x00000000eab00000, 0x00000000eb100000, 0x0000000100000000)
  eden space 5120K, 0% used [0x00000000eab00000,0x00000000eab00000,0x00000000eb000000)
  from space 512K, 18% used [0x00000000eb080000,0x00000000eb098000,0x00000000eb100000)
  to   space 512K, 0% used [0x00000000eb000000,0x00000000eb000000,0x00000000eb080000)
 ParOldGen       total 102912K, used 99362K [0x00000000c0000000, 0x00000000c6480000, 0x00000000eab00000)
  object space 102912K, 96% used [0x00000000c0000000,0x00000000c61088b0,0x00000000c6480000)
 Metaspace       used 74143K, committed 75392K, reserved 1179648K
  class space    used 7829K, committed 8384K, reserved 1048576K
}
Event: 84.713 GC heap after
{Heap after GC invocations=172 (full 7):
 PSYoungGen      total 5632K, used 0K [0x00000000eab00000, 0x00000000eb200000, 0x0000000100000000)
  eden space 5120K, 0% used [0x00000000eab00000,0x00000000eab00000,0x00000000eb000000)
  from space 512K, 0% used [0x00000000eb000000,0x00000000eb000000,0x00000000eb080000)
  to   space 512K, 0% used [0x00000000eb180000,0x00000000eb180000,0x00000000eb200000)
 ParOldGen       total 102912K, used 99407K [0x00000000c0000000, 0x00000000c6480000, 0x00000000eab00000)
  object space 102912K, 96% used [0x00000000c0000000,0x00000000c6113f00,0x00000000c6480000)
 Metaspace       used 74143K, committed 75392K, reserved 1179648K
  class space    used 7829K, committed 8384K, reserved 1048576K
}
Event: 84.713 GC heap before
{Heap before GC invocations=173 (full 8):
 PSYoungGen      total 5632K, used 0K [0x00000000eab00000, 0x00000000eb200000, 0x0000000100000000)
  eden space 5120K, 0% used [0x00000000eab00000,0x00000000eab00000,0x00000000eb000000)
  from space 512K, 0% used [0x00000000eb000000,0x00000000eb000000,0x00000000eb080000)
  to   space 512K, 0% used [0x00000000eb180000,0x00000000eb180000,0x00000000eb200000)
 ParOldGen       total 102912K, used 99407K [0x00000000c0000000, 0x00000000c6480000, 0x00000000eab00000)
  object space 102912K, 96% used [0x00000000c0000000,0x00000000c6113f00,0x00000000c6480000)
 Metaspace       used 74143K, committed 75392K, reserved 1179648K
  class space    used 7829K, committed 8384K, reserved 1048576K
}
Event: 84.822 GC heap after
{Heap after GC invocations=173 (full 8):
 PSYoungGen      total 6656K, used 0K [0x00000000eab00000, 0x00000000eb200000, 0x0000000100000000)
  eden space 6144K, 0% used [0x00000000eab00000,0x00000000eab00000,0x00000000eb100000)
  from space 512K, 0% used [0x00000000eb180000,0x00000000eb180000,0x00000000eb200000)
  to   space 512K, 0% used [0x00000000eb100000,0x00000000eb100000,0x00000000eb180000)
 ParOldGen       total 102912K, used 95555K [0x00000000c0000000, 0x00000000c6480000, 0x00000000eab00000)
  object space 102912K, 92% used [0x00000000c0000000,0x00000000c5d50c68,0x00000000c6480000)
 Metaspace       used 74143K, committed 75392K, reserved 1179648K
  class space    used 7829K, committed 8384K, reserved 1048576K
}
Event: 84.822 GC heap before
{Heap before GC invocations=174 (full 8):
 PSYoungGen      total 6656K, used 0K [0x00000000eab00000, 0x00000000eb200000, 0x0000000100000000)
  eden space 6144K, 0% used [0x00000000eab00000,0x00000000eab00000,0x00000000eb100000)
  from space 512K, 0% used [0x00000000eb180000,0x00000000eb180000,0x00000000eb200000)
  to   space 512K, 0% used [0x00000000eb100000,0x00000000eb100000,0x00000000eb180000)
 ParOldGen       total 102912K, used 95555K [0x00000000c0000000, 0x00000000c6480000, 0x00000000eab00000)
  object space 102912K, 92% used [0x00000000c0000000,0x00000000c5d50c68,0x00000000c6480000)
 Metaspace       used 74143K, committed 75392K, reserved 1179648K
  class space    used 7829K, committed 8384K, reserved 1048576K
}
Event: 84.822 GC heap after
{Heap after GC invocations=174 (full 8):
 PSYoungGen      total 6656K, used 0K [0x00000000eab00000, 0x00000000eb300000, 0x0000000100000000)
  eden space 6144K, 0% used [0x00000000eab00000,0x00000000eab00000,0x00000000eb100000)
  from space 512K, 0% used [0x00000000eb100000,0x00000000eb100000,0x00000000eb180000)
  to   space 512K, 0% used [0x00000000eb280000,0x00000000eb280000,0x00000000eb300000)
 ParOldGen       total 102912K, used 95555K [0x00000000c0000000, 0x00000000c6480000, 0x00000000eab00000)
  object space 102912K, 92% used [0x00000000c0000000,0x00000000c5d50c68,0x00000000c6480000)
 Metaspace       used 74143K, committed 75392K, reserved 1179648K
  class space    used 7829K, committed 8384K, reserved 1048576K
}
Event: 84.822 GC heap before
{Heap before GC invocations=175 (full 9):
 PSYoungGen      total 6656K, used 0K [0x00000000eab00000, 0x00000000eb300000, 0x0000000100000000)
  eden space 6144K, 0% used [0x00000000eab00000,0x00000000eab00000,0x00000000eb100000)
  from space 512K, 0% used [0x00000000eb100000,0x00000000eb100000,0x00000000eb180000)
  to   space 512K, 0% used [0x00000000eb280000,0x00000000eb280000,0x00000000eb300000)
 ParOldGen       total 102912K, used 95555K [0x00000000c0000000, 0x00000000c6480000, 0x00000000eab00000)
  object space 102912K, 92% used [0x00000000c0000000,0x00000000c5d50c68,0x00000000c6480000)
 Metaspace       used 74143K, committed 75392K, reserved 1179648K
  class space    used 7829K, committed 8384K, reserved 1048576K
}
Event: 85.464 GC heap after
{Heap after GC invocations=175 (full 9):
 PSYoungGen      total 7680K, used 0K [0x00000000eab00000, 0x00000000eb300000, 0x0000000100000000)
  eden space 7168K, 0% used [0x00000000eab00000,0x00000000eab00000,0x00000000eb200000)
  from space 512K, 0% used [0x00000000eb280000,0x00000000eb280000,0x00000000eb300000)
  to   space 512K, 0% used [0x00000000eb200000,0x00000000eb200000,0x00000000eb280000)
 ParOldGen       total 102912K, used 79778K [0x00000000c0000000, 0x00000000c6480000, 0x00000000eab00000)
  object space 102912K, 77% used [0x00000000c0000000,0x00000000c4de8830,0x00000000c6480000)
 Metaspace       used 73765K, committed 75392K, reserved 1179648K
  class space    used 7747K, committed 8384K, reserved 1048576K
}
Event: 85.568 GC heap before
{Heap before GC invocations=176 (full 9):
 PSYoungGen      total 7680K, used 893K [0x00000000eab00000, 0x00000000eb300000, 0x0000000100000000)
  eden space 7168K, 12% used [0x00000000eab00000,0x00000000eabdf6d8,0x00000000eb200000)
  from space 512K, 0% used [0x00000000eb280000,0x00000000eb280000,0x00000000eb300000)
  to   space 512K, 0% used [0x00000000eb200000,0x00000000eb200000,0x00000000eb280000)
 ParOldGen       total 102912K, used 95098K [0x00000000c0000000, 0x00000000c6480000, 0x00000000eab00000)
  object space 102912K, 92% used [0x00000000c0000000,0x00000000c5cde840,0x00000000c6480000)
 Metaspace       used 73852K, committed 75392K, reserved 1179648K
  class space    used 7763K, committed 8384K, reserved 1048576K
}
Event: 85.571 GC heap after
{Heap after GC invocations=176 (full 9):
 PSYoungGen      total 7680K, used 128K [0x00000000eab00000, 0x00000000eb380000, 0x0000000100000000)
  eden space 7168K, 0% used [0x00000000eab00000,0x00000000eab00000,0x00000000eb200000)
  from space 512K, 25% used [0x00000000eb200000,0x00000000eb220000,0x00000000eb280000)
  to   space 512K, 0% used [0x00000000eb300000,0x00000000eb300000,0x00000000eb380000)
 ParOldGen       total 102912K, used 95098K [0x00000000c0000000, 0x00000000c6480000, 0x00000000eab00000)
  object space 102912K, 92% used [0x00000000c0000000,0x00000000c5cde840,0x00000000c6480000)
 Metaspace       used 73852K, committed 75392K, reserved 1179648K
  class space    used 7763K, committed 8384K, reserved 1048576K
}
Event: 85.571 GC heap before
{Heap before GC invocations=177 (full 9):
 PSYoungGen      total 7680K, used 128K [0x00000000eab00000, 0x00000000eb380000, 0x0000000100000000)
  eden space 7168K, 0% used [0x00000000eab00000,0x00000000eab00000,0x00000000eb200000)
  from space 512K, 25% used [0x00000000eb200000,0x00000000eb220000,0x00000000eb280000)
  to   space 512K, 0% used [0x00000000eb300000,0x00000000eb300000,0x00000000eb380000)
 ParOldGen       total 102912K, used 95098K [0x00000000c0000000, 0x00000000c6480000, 0x00000000eab00000)
  object space 102912K, 92% used [0x00000000c0000000,0x00000000c5cde840,0x00000000c6480000)
 Metaspace       used 73852K, committed 75392K, reserved 1179648K
  class space    used 7763K, committed 8384K, reserved 1048576K
}
Event: 85.572 GC heap after
{Heap after GC invocations=177 (full 9):
 PSYoungGen      total 8192K, used 128K [0x00000000eab00000, 0x00000000eb400000, 0x0000000100000000)
  eden space 7680K, 0% used [0x00000000eab00000,0x00000000eab00000,0x00000000eb280000)
  from space 512K, 25% used [0x00000000eb300000,0x00000000eb320000,0x00000000eb380000)
  to   space 512K, 0% used [0x00000000eb280000,0x00000000eb280000,0x00000000eb300000)
 ParOldGen       total 102912K, used 95098K [0x00000000c0000000, 0x00000000c6480000, 0x00000000eab00000)
  object space 102912K, 92% used [0x00000000c0000000,0x00000000c5cde840,0x00000000c6480000)
 Metaspace       used 73852K, committed 75392K, reserved 1179648K
  class space    used 7763K, committed 8384K, reserved 1048576K
}
Event: 85.572 GC heap before
{Heap before GC invocations=178 (full 10):
 PSYoungGen      total 8192K, used 128K [0x00000000eab00000, 0x00000000eb400000, 0x0000000100000000)
  eden space 7680K, 0% used [0x00000000eab00000,0x00000000eab00000,0x00000000eb280000)
  from space 512K, 25% used [0x00000000eb300000,0x00000000eb320000,0x00000000eb380000)
  to   space 512K, 0% used [0x00000000eb280000,0x00000000eb280000,0x00000000eb300000)
 ParOldGen       total 102912K, used 95098K [0x00000000c0000000, 0x00000000c6480000, 0x00000000eab00000)
  object space 102912K, 92% used [0x00000000c0000000,0x00000000c5cde840,0x00000000c6480000)
 Metaspace       used 73852K, committed 75392K, reserved 1179648K
  class space    used 7763K, committed 8384K, reserved 1048576K
}
Event: 85.707 GC heap after
{Heap after GC invocations=178 (full 10):
 PSYoungGen      total 8192K, used 0K [0x00000000eab00000, 0x00000000eb480000, 0x0000000100000000)
  eden space 7680K, 0% used [0x00000000eab00000,0x00000000eab00000,0x00000000eb280000)
  from space 512K, 0% used [0x00000000eb280000,0x00000000eb280000,0x00000000eb300000)
  to   space 512K, 0% used [0x00000000eb400000,0x00000000eb400000,0x00000000eb480000)
 ParOldGen       total 102912K, used 87437K [0x00000000c0000000, 0x00000000c6480000, 0x00000000eab00000)
  object space 102912K, 84% used [0x00000000c0000000,0x00000000c5563630,0x00000000c6480000)
 Metaspace       used 73852K, committed 75392K, reserved 1179648K
  class space    used 7763K, committed 8384K, reserved 1048576K
}
Event: 85.822 GC heap before
{Heap before GC invocations=179 (full 10):
 PSYoungGen      total 8192K, used 1172K [0x00000000eab00000, 0x00000000eb480000, 0x0000000100000000)
  eden space 7680K, 15% used [0x00000000eab00000,0x00000000eac25290,0x00000000eb280000)
  from space 512K, 0% used [0x00000000eb280000,0x00000000eb280000,0x00000000eb300000)
  to   space 512K, 0% used [0x00000000eb400000,0x00000000eb400000,0x00000000eb480000)
 ParOldGen       total 102912K, used 98446K [0x00000000c0000000, 0x00000000c6480000, 0x00000000eab00000)
  object space 102912K, 95% used [0x00000000c0000000,0x00000000c6023bd0,0x00000000c6480000)
 Metaspace       used 74007K, committed 75520K, reserved 1179648K
  class space    used 7770K, committed 8384K, reserved 1048576K
}
Event: 85.823 GC heap after
{Heap after GC invocations=179 (full 10):
 PSYoungGen      total 9216K, used 158K [0x00000000eab00000, 0x00000000eb480000, 0x0000000100000000)
  eden space 8704K, 0% used [0x00000000eab00000,0x00000000eab00000,0x00000000eb380000)
  from space 512K, 30% used [0x00000000eb400000,0x00000000eb4278d8,0x00000000eb480000)
  to   space 512K, 0% used [0x00000000eb380000,0x00000000eb380000,0x00000000eb400000)
 ParOldGen       total 102912K, used 98446K [0x00000000c0000000, 0x00000000c6480000, 0x00000000eab00000)
  object space 102912K, 95% used [0x00000000c0000000,0x00000000c6023bd0,0x00000000c6480000)
 Metaspace       used 74007K, committed 75520K, reserved 1179648K
  class space    used 7770K, committed 8384K, reserved 1048576K
}
Event: 85.823 GC heap before
{Heap before GC invocations=180 (full 10):
 PSYoungGen      total 9216K, used 158K [0x00000000eab00000, 0x00000000eb480000, 0x0000000100000000)
  eden space 8704K, 0% used [0x00000000eab00000,0x00000000eab00000,0x00000000eb380000)
  from space 512K, 30% used [0x00000000eb400000,0x00000000eb4278d8,0x00000000eb480000)
  to   space 512K, 0% used [0x00000000eb380000,0x00000000eb380000,0x00000000eb400000)
 ParOldGen       total 102912K, used 98446K [0x00000000c0000000, 0x00000000c6480000, 0x00000000eab00000)
  object space 102912K, 95% used [0x00000000c0000000,0x00000000c6023bd0,0x00000000c6480000)
 Metaspace       used 74007K, committed 75520K, reserved 1179648K
  class space    used 7770K, committed 8384K, reserved 1048576K
}
Event: 85.824 GC heap after
{Heap after GC invocations=180 (full 10):
 PSYoungGen      total 9216K, used 126K [0x00000000eab00000, 0x00000000eb580000, 0x0000000100000000)
  eden space 8704K, 0% used [0x00000000eab00000,0x00000000eab00000,0x00000000eb380000)
  from space 512K, 24% used [0x00000000eb380000,0x00000000eb39f8d8,0x00000000eb400000)
  to   space 512K, 0% used [0x00000000eb500000,0x00000000eb500000,0x00000000eb580000)
 ParOldGen       total 102912K, used 98446K [0x00000000c0000000, 0x00000000c6480000, 0x00000000eab00000)
  object space 102912K, 95% used [0x00000000c0000000,0x00000000c6023bd0,0x00000000c6480000)
 Metaspace       used 74007K, committed 75520K, reserved 1179648K
  class space    used 7770K, committed 8384K, reserved 1048576K
}
Event: 85.824 GC heap before
{Heap before GC invocations=181 (full 11):
 PSYoungGen      total 9216K, used 126K [0x00000000eab00000, 0x00000000eb580000, 0x0000000100000000)
  eden space 8704K, 0% used [0x00000000eab00000,0x00000000eab00000,0x00000000eb380000)
  from space 512K, 24% used [0x00000000eb380000,0x00000000eb39f8d8,0x00000000eb400000)
  to   space 512K, 0% used [0x00000000eb500000,0x00000000eb500000,0x00000000eb580000)
 ParOldGen       total 102912K, used 98446K [0x00000000c0000000, 0x00000000c6480000, 0x00000000eab00000)
  object space 102912K, 95% used [0x00000000c0000000,0x00000000c6023bd0,0x00000000c6480000)
 Metaspace       used 74007K, committed 75520K, reserved 1179648K
  class space    used 7770K, committed 8384K, reserved 1048576K
}
Event: 85.939 GC heap after
{Heap after GC invocations=181 (full 11):
 PSYoungGen      total 10240K, used 0K [0x00000000eab00000, 0x00000000eb580000, 0x0000000100000000)
  eden space 9728K, 0% used [0x00000000eab00000,0x00000000eab00000,0x00000000eb480000)
  from space 512K, 0% used [0x00000000eb500000,0x00000000eb500000,0x00000000eb580000)
  to   space 512K, 0% used [0x00000000eb480000,0x00000000eb480000,0x00000000eb500000)
 ParOldGen       total 102912K, used 83202K [0x00000000c0000000, 0x00000000c6480000, 0x00000000eab00000)
  object space 102912K, 80% used [0x00000000c0000000,0x00000000c5140a80,0x00000000c6480000)
 Metaspace       used 74007K, committed 75520K, reserved 1179648K
  class space    used 7770K, committed 8384K, reserved 1048576K
}

